2024-02-12 22:34:48,572 INFO a.AuthTest [main] Image is visible.Continue the test
2024-02-12 22:34:59,120 INFO a.AuthTest [main] Expanded image is visible.Continue the test
2024-02-12 22:35:09,175 INFO a.AuthTest [main] Test passed
2024-02-12 22:36:35,203 INFO a.AuthTest [main] Image is visible. Lets continue the test
2024-02-12 22:36:45,748 INFO a.AuthTest [main] Expanded image is visible. Lets continue the test
2024-02-12 22:36:55,887 INFO a.AuthTest [main] Test passed
2024-02-12 22:37:38,227 INFO a.AuthTest [main] Image is visible. Lets continue the test
2024-02-12 22:37:48,359 INFO a.AuthTest [main] Expanded image is visible. Lets continue the test
2024-02-12 22:37:58,531 INFO a.AuthTest [main] Test passed. Applause!
2024-02-12 22:43:55,348 INFO a.AuthTest [main] Image is visible. Lets continue the test
2024-02-12 22:44:05,476 INFO a.AuthTest [main] Expanded image is visible. Lets continue the test
2024-02-12 22:44:16,043 INFO a.AuthTest [main] Test passed. Applause!
2024-02-12 22:44:52,149 INFO a.AuthTest [main] Authorization is successful. Continue the test
2024-02-12 22:44:52,218 INFO a.AuthTest [main] Cookies[tmr_detect=0%7C1707767073190; expires=вт, 13 февр. 2024 10:44:33 MSK; path=/; domain=otus.ru; sameSite=Lax, advcake_track_id=f16e87c9-b518-8105-5afd-50207daa7f00; expires=ср, 13 мар. 2024 10:44:30 MSK; path=/; domain=.otus.ru;secure;; sameSite=None, oid=479413c2de77ec5784acaac00877700c; expires=вт, 18 мар. 2025 10:44:31 MSK; path=/; domain=.otus.ru; sameSite=Lax, _ym_d=1707767071; expires=вт, 11 февр. 2025 10:44:30 MSK; path=/; domain=.otus.ru;secure;; sameSite=None, _tt_enable_cookie=1; expires=сб, 08 мар. 2025 10:44:31 MSK; path=/; domain=.otus.ru; sameSite=Lax, _ym_visorc=w; expires=пн, 12 февр. 2024 11:14:31 MSK; path=/; domain=.otus.ru;secure;; sameSite=None, tmr_lvid=50e26e9456f045cfdf5c680243743554; expires=пт, 10 янв. 2025 10:44:30 MSK; path=/; domain=.otus.ru; sameSite=Lax, utm=utm_source%3Dtypein%26utm_medium%3Ddirect; expires=вт, 18 мар. 2025 10:44:31 MSK; path=/; domain=.otus.ru; sameSite=Lax, tmr_lvidTS=1707767070707; expires=пт, 10 янв. 2025 10:44:30 MSK; path=/; domain=.otus.ru; sameSite=Lax, _ym_uid=1707767071367894665; expires=вт, 11 февр. 2025 10:44:30 MSK; path=/; domain=.otus.ru;secure;; sameSite=None, _ym_isad=2; expires=вт, 13 февр. 2024 06:44:30 MSK; path=/; domain=.otus.ru;secure;; sameSite=None, _ga=GA1.1.290531431.1707767071; expires=вт, 18 мар. 2025 10:44:30 MSK; path=/; domain=.otus.ru; sameSite=Lax, _ga_N2GWLW9R5Z=GS1.1.1707767070.1.0.1707767070.60.0.0; expires=вт, 18 мар. 2025 10:44:30 MSK; path=/; domain=.otus.ru; sameSite=Lax, _ttp=VwplnmVgE4w-d9LDN97i5LlgBJ0; expires=сб, 08 мар. 2025 10:44:31 MSK; path=/; domain=.otus.ru; sameSite=Lax, advcake_session_id=6929da64-82e5-acfc-237d-9ca90cbd580d; expires=ср, 13 мар. 2024 10:44:30 MSK; path=/; domain=.otus.ru;secure;; sameSite=None]
2024-02-12 22:44:56,478 INFO a.AuthTest [main] Image is visible. Lets continue the test
2024-02-12 22:45:07,021 INFO a.AuthTest [main] Expanded image is visible. Lets continue the test
2024-02-12 22:45:17,154 INFO a.AuthTest [main] Test passed. Applause!
2024-02-12 22:51:46,235 INFO a.AuthTest [main] Authorization is successful. Continue the test
2024-02-12 22:51:46,299 INFO a.AuthTest [main] Cookies[tmr_detect=0%7C1707767486861; expires=вт, 13 февр. 2024 10:51:26 MSK; path=/; domain=otus.ru; sameSite=Lax, advcake_track_id=0c03eb13-fe31-636c-6311-19a19dd2329f; expires=ср, 13 мар. 2024 10:51:23 MSK; path=/; domain=.otus.ru;secure;; sameSite=None, _ym_d=1707767484; expires=вт, 11 февр. 2025 10:51:23 MSK; path=/; domain=.otus.ru;secure;; sameSite=None, oid=7f57bbfdb274c88219bbba068d37fda9; expires=вт, 18 мар. 2025 10:51:25 MSK; path=/; domain=.otus.ru; sameSite=Lax, _tt_enable_cookie=1; expires=сб, 08 мар. 2025 10:51:24 MSK; path=/; domain=.otus.ru; sameSite=Lax, _ym_visorc=w; expires=пн, 12 февр. 2024 11:21:25 MSK; path=/; domain=.otus.ru;secure;; sameSite=None, tmr_lvid=b88b8c20d6ca65e717663267d22f5025; expires=пт, 10 янв. 2025 10:51:23 MSK; path=/; domain=.otus.ru; sameSite=Lax, utm=utm_source%3Dtypein%26utm_medium%3Ddirect; expires=вт, 18 мар. 2025 10:51:25 MSK; path=/; domain=.otus.ru; sameSite=Lax, tmr_lvidTS=1707767483358; expires=пт, 10 янв. 2025 10:51:23 MSK; path=/; domain=.otus.ru; sameSite=Lax, _ym_uid=1707767484491607900; expires=вт, 11 февр. 2025 10:51:23 MSK; path=/; domain=.otus.ru;secure;; sameSite=None, _ym_isad=2; expires=вт, 13 февр. 2024 06:51:23 MSK; path=/; domain=.otus.ru;secure;; sameSite=None, _ga=GA1.1.1206156417.1707767483; expires=вт, 18 мар. 2025 10:51:23 MSK; path=/; domain=.otus.ru; sameSite=Lax, _ga_N2GWLW9R5Z=GS1.1.1707767483.1.0.1707767483.60.0.0; expires=вт, 18 мар. 2025 10:51:23 MSK; path=/; domain=.otus.ru; sameSite=Lax, _ttp=t4xOWDReU63PwlcO75wBti1fNGt; expires=сб, 08 мар. 2025 10:51:24 MSK; path=/; domain=.otus.ru; sameSite=Lax, advcake_session_id=faf8c3d6-9368-f4bd-877d-00014f01030f; expires=ср, 13 мар. 2024 10:51:23 MSK; path=/; domain=.otus.ru;secure;; sameSite=None]
2024-02-12 22:51:49,909 INFO a.AuthTest [main] Image is visible. Lets continue the test
2024-02-12 22:52:00,458 INFO a.AuthTest [main] Expanded image is visible. Lets continue the test
2024-02-12 22:52:10,547 INFO a.AuthTest [main] Test passed. Applause!
2024-02-12 22:56:17,692 INFO a.AuthTest [main] Image is visible. Lets continue the test
2024-02-12 22:56:28,236 INFO a.AuthTest [main] Expanded image is visible. Lets continue the test
2024-02-12 22:56:38,307 INFO a.AuthTest [main] Test passed. Applause!
2024-02-12 23:00:28,762 INFO a.AuthTest [main] Image is visible. Lets continue the test
2024-02-12 23:00:39,111 INFO a.AuthTest [main] Expanded image is visible. Lets continue the test
2024-02-12 23:00:49,570 INFO a.AuthTest [main] Test passed. Applause!
2024-02-12 23:01:55,071 INFO a.AuthTest [main] Image is visible. Lets continue the test
2024-02-12 23:02:05,422 INFO a.AuthTest [main] Expanded image is visible. Lets continue the test
2024-02-12 23:02:15,909 INFO a.AuthTest [main] Test passed. Applause!
2024-02-12 23:16:51,665 INFO a.AuthTest [main] Image is visible. Lets continue the test
2024-02-12 23:17:02,035 INFO a.AuthTest [main] Expanded image is visible. Lets continue the test
2024-02-12 23:17:12,106 INFO a.AuthTest [main] Test passed. Applause!
2024-02-12 23:18:35,120 INFO a.AuthTest [main] Image is visible. Lets continue the test
2024-02-12 23:18:45,412 INFO a.AuthTest [main] Expanded image is visible. Lets continue the test
2024-02-12 23:18:55,946 INFO a.AuthTest [main] Test passed. Applause!
2024-02-13 12:55:11,903 INFO a.AuthTest [main] Running the browser
2024-02-13 12:55:13,368 INFO a.AuthTest [main] Finding Otus website
2024-02-13 12:55:17,408 INFO a.AuthTest [main] Image is visible. Lets continue the test
2024-02-13 12:55:28,033 INFO a.AuthTest [main] Expanded image is visible. Lets continue the test
2024-02-13 12:55:38,581 INFO a.AuthTest [main] Test passed. Applause!
2024-02-13 12:56:07,754 INFO a.AuthTest [main] Running the browser
2024-02-13 12:56:09,360 INFO a.AuthTest [main] Finding Otus website
2024-02-13 12:59:18,432 INFO a.AuthTest [main] Image is visible. Lets continue the test
2024-02-13 12:59:28,724 INFO a.AuthTest [main] Expanded image is visible. Lets continue the test
2024-02-13 12:59:39,194 INFO a.AuthTest [main] Test passed. Applause!
2024-02-13 13:09:57,389 INFO a.AuthTest [main] Authorization is successful. Continue the test
2024-02-13 13:09:57,461 INFO a.AuthTest [main] Cookies[tmr_detect=0%7C1707818977811; expires=ср, 14 февр. 2024 01:09:37 MSK; path=/; domain=otus.ru; sameSite=Lax, advcake_track_id=ae4ae538-6b0d-b333-458f-0a1108e14fd6; expires=чт, 14 мар. 2024 01:09:34 MSK; path=/; domain=.otus.ru;secure;; sameSite=None, _ym_d=1707818975; expires=ср, 12 февр. 2025 01:09:34 MSK; path=/; domain=.otus.ru;secure;; sameSite=None, oid=472ed5d57b52794b898a270e921de517; expires=ср, 19 мар. 2025 01:09:36 MSK; path=/; domain=.otus.ru; sameSite=Lax, _tt_enable_cookie=1; expires=вс, 09 мар. 2025 01:09:35 MSK; path=/; domain=.otus.ru; sameSite=Lax, _ym_visorc=w; expires=вт, 13 февр. 2024 01:39:36 MSK; path=/; domain=.otus.ru;secure;; sameSite=None, tmr_lvid=e0007ff9b63f57ddab40406c2a545b32; expires=сб, 11 янв. 2025 01:09:34 MSK; path=/; domain=.otus.ru; sameSite=Lax, utm=utm_source%3Dtypein%26utm_medium%3Ddirect; expires=ср, 19 мар. 2025 01:09:36 MSK; path=/; domain=.otus.ru; sameSite=Lax, tmr_lvidTS=1707818974437; expires=сб, 11 янв. 2025 01:09:34 MSK; path=/; domain=.otus.ru; sameSite=Lax, _ym_uid=1707818975678634530; expires=ср, 12 февр. 2025 01:09:34 MSK; path=/; domain=.otus.ru;secure;; sameSite=None, _ym_isad=2; expires=ср, 14 февр. 2024 09:09:35 MSK; path=/; domain=.otus.ru;secure;; sameSite=None, _ga=GA1.1.89764697.1707818975; expires=ср, 19 мар. 2025 01:09:34 MSK; path=/; domain=.otus.ru; sameSite=Lax, _ga_N2GWLW9R5Z=GS1.1.1707818974.1.0.1707818974.60.0.0; expires=ср, 19 мар. 2025 01:09:34 MSK; path=/; domain=.otus.ru; sameSite=Lax, _ttp=VsfmncGLw4NBtVaI6qNAZvuzNpb; expires=вс, 09 мар. 2025 01:09:35 MSK; path=/; domain=.otus.ru; sameSite=Lax, advcake_session_id=7c5b9289-4bb4-9928-edc5-4ab36bfe7f21; expires=чт, 14 мар. 2024 01:09:34 MSK; path=/; domain=.otus.ru;secure;; sameSite=None]
2024-02-13 13:09:57,463 INFO a.AuthTest [main] Test passed. Applause!
2024-02-13 13:10:04,287 INFO a.AuthTest [main] Running the browser
2024-02-13 13:10:06,507 INFO a.AuthTest [main] Finding Otus website
2024-02-13 13:11:15,265 INFO a.AuthTest [main] Authorization is successful. Continue the test
2024-02-13 13:11:15,325 INFO a.AuthTest [main] Cookies[tmr_detect=0%7C1707819055707; expires=ср, 14 февр. 2024 01:10:55 MSK; path=/; domain=otus.ru; sameSite=Lax, advcake_track_id=54c01b4a-4e25-b484-c111-42b905513fa6; expires=чт, 14 мар. 2024 01:10:52 MSK; path=/; domain=.otus.ru;secure;; sameSite=None, oid=88ed68ee9cd1725520d3650eb9e813ca; expires=ср, 19 мар. 2025 01:10:54 MSK; path=/; domain=.otus.ru; sameSite=Lax, _ym_d=1707819053; expires=ср, 12 февр. 2025 01:10:52 MSK; path=/; domain=.otus.ru;secure;; sameSite=None, _tt_enable_cookie=1; expires=вс, 09 мар. 2025 01:10:52 MSK; path=/; domain=.otus.ru; sameSite=Lax, _ym_visorc=w; expires=вт, 13 февр. 2024 01:40:54 MSK; path=/; domain=.otus.ru;secure;; sameSite=None, tmr_lvid=d2beb68975635797a8cd4e10792517df; expires=сб, 11 янв. 2025 01:10:52 MSK; path=/; domain=.otus.ru; sameSite=Lax, utm=utm_source%3Dtypein%26utm_medium%3Ddirect; expires=ср, 19 мар. 2025 01:10:54 MSK; path=/; domain=.otus.ru; sameSite=Lax, tmr_lvidTS=1707819052267; expires=сб, 11 янв. 2025 01:10:52 MSK; path=/; domain=.otus.ru; sameSite=Lax, _ym_uid=1707819053384331337; expires=ср, 12 февр. 2025 01:10:52 MSK; path=/; domain=.otus.ru;secure;; sameSite=None, _ym_isad=2; expires=ср, 14 февр. 2024 09:10:52 MSK; path=/; domain=.otus.ru;secure;; sameSite=None, _ga=GA1.1.1328851491.1707819052; expires=ср, 19 мар. 2025 01:10:52 MSK; path=/; domain=.otus.ru; sameSite=Lax, _ga_N2GWLW9R5Z=GS1.1.1707819052.1.0.1707819052.60.0.0; expires=ср, 19 мар. 2025 01:10:52 MSK; path=/; domain=.otus.ru; sameSite=Lax, _ttp=_2XS89Bv36xfCeVYDpc4YxkmBHv; expires=вс, 09 мар. 2025 01:10:52 MSK; path=/; domain=.otus.ru; sameSite=Lax, advcake_session_id=89c05ebd-e654-8933-bbf4-ef2c054f3610; expires=чт, 14 мар. 2024 01:10:52 MSK; path=/; domain=.otus.ru;secure;; sameSite=None]
2024-02-13 13:11:15,325 INFO a.AuthTest [main] Test passed. Applause!
2024-02-13 13:11:18,184 INFO a.AuthTest [main] Running the browser
2024-02-13 13:11:20,159 INFO a.AuthTest [main] Finding Otus website
2024-02-13 13:11:22,702 INFO a.AuthTest [main] Image is visible. Lets continue the test
2024-02-13 13:11:32,818 INFO a.AuthTest [main] Expanded image is visible. Lets continue the test
2024-02-13 13:11:43,309 INFO a.AuthTest [main] Test passed. Applause!
2024-02-13 13:42:19,812 INFO a.AuthTest [main] Authorization is successful. Continue the test
2024-02-13 13:42:19,878 INFO a.AuthTest [main] Cookies[tmr_detect=0%7C1707820919995; expires=ср, 14 февр. 2024 01:41:59 MSK; path=/; domain=otus.ru; sameSite=Lax, advcake_track_id=21e2bf20-e228-00cf-c97d-89a9180c59c4; expires=чт, 14 мар. 2024 01:41:57 MSK; path=/; domain=.otus.ru;secure;; sameSite=None, oid=d6f11cdafb91a82aebea643317d9817f; expires=ср, 19 мар. 2025 01:41:59 MSK; path=/; domain=.otus.ru; sameSite=Lax, _ym_d=1707820917; expires=ср, 12 февр. 2025 01:41:57 MSK; path=/; domain=.otus.ru;secure;; sameSite=None, _tt_enable_cookie=1; expires=вс, 09 мар. 2025 01:41:57 MSK; path=/; domain=.otus.ru; sameSite=Lax, _ym_visorc=w; expires=вт, 13 февр. 2024 02:11:59 MSK; path=/; domain=.otus.ru;secure;; sameSite=None, tmr_lvid=efa0dd80489f69934f87bf8c2e547e75; expires=сб, 11 янв. 2025 01:41:56 MSK; path=/; domain=.otus.ru; sameSite=Lax, utm=utm_source%3Dtypein%26utm_medium%3Ddirect; expires=ср, 19 мар. 2025 01:41:59 MSK; path=/; domain=.otus.ru; sameSite=Lax, tmr_lvidTS=1707820916794; expires=сб, 11 янв. 2025 01:41:56 MSK; path=/; domain=.otus.ru; sameSite=Lax, _ym_uid=1707820917700485543; expires=ср, 12 февр. 2025 01:41:57 MSK; path=/; domain=.otus.ru;secure;; sameSite=None, _ym_isad=2; expires=ср, 14 февр. 2024 09:41:57 MSK; path=/; domain=.otus.ru;secure;; sameSite=None, _ga=GA1.1.1007227438.1707820917; expires=ср, 19 мар. 2025 01:41:56 MSK; path=/; domain=.otus.ru; sameSite=Lax, _ga_N2GWLW9R5Z=GS1.1.1707820916.1.0.1707820916.60.0.0; expires=ср, 19 мар. 2025 01:41:56 MSK; path=/; domain=.otus.ru; sameSite=Lax, _ttp=gcxSXGtkLJwnc0AOPIraxuLtDPe; expires=вс, 09 мар. 2025 01:41:57 MSK; path=/; domain=.otus.ru; sameSite=Lax, advcake_session_id=b83ddd5f-4d28-1b40-7db9-23ab4e840205; expires=чт, 14 мар. 2024 01:41:57 MSK; path=/; domain=.otus.ru;secure;; sameSite=None]
2024-02-13 13:42:19,879 INFO a.AuthTest [main] Test passed. Applause!
